<?xml version="1.0" encoding="UTF-8"?>
<!-- Generated by org.testng.reporters.JUnitReportReporter -->
<testsuite skipped="0" hostname="DESKTOP-UORS9NB" name="seleniumdemo.App" tests="3" failures="0" timestamp="07 Oca 2021 13:42:08 GMT" time="36.537" errors="0">
  <testcase name="Task1" time="11.149" classname="seleniumdemo.App"/>
  <testcase name="Task3" time="15.422" classname="seleniumdemo.App"/>
  <testcase name="Task2" time="9.966" classname="seleniumdemo.App"/>
</testsuite> <!-- seleniumdemo.App -->
